TN:
SF:models\User.js
FNF:0
FNH:0
DA:1,1
DA:2,1
DA:3,1
DA:4,1
DA:5,1
DA:6,1
DA:7,1
DA:8,1
DA:9,1
DA:10,1
DA:11,1
DA:12,1
DA:13,1
DA:14,1
DA:15,1
DA:16,1
DA:17,1
DA:18,1
DA:19,1
DA:20,1
DA:21,1
DA:22,1
DA:23,1
DA:24,1
DA:25,1
DA:26,1
DA:27,1
DA:28,1
DA:29,1
DA:30,1
DA:31,1
DA:32,1
DA:33,1
DA:34,1
DA:35,1
DA:36,1
DA:37,1
DA:38,1
DA:39,1
DA:40,1
DA:41,1
DA:42,1
DA:43,1
DA:44,1
DA:45,1
DA:46,1
DA:47,1
DA:48,1
DA:49,1
DA:50,1
DA:51,1
DA:52,1
DA:53,1
DA:54,1
DA:55,1
DA:56,1
DA:57,1
DA:58,1
DA:59,1
DA:60,1
DA:61,1
LF:61
LH:61
BRF:0
BRH:0
end_of_record
TN:
SF:services\UserService.js
FN:3,Object.<anonymous>.exports.getAllUsers
FN:7,Object.<anonymous>.exports.getUserById
FN:11,Object.<anonymous>.exports.updateUser
FN:15,Object.<anonymous>.exports.deleteUser
FN:20,Object.<anonymous>.exports.followUser
FN:59,Object.<anonymous>.exports.unfollowUser
FN:100,Object.<anonymous>.exports.getNearbyFriends
FNF:7
FNH:6
FNDA:1,Object.<anonymous>.exports.getAllUsers
FNDA:2,Object.<anonymous>.exports.getUserById
FNDA:1,Object.<anonymous>.exports.updateUser
FNDA:1,Object.<anonymous>.exports.deleteUser
FNDA:2,Object.<anonymous>.exports.followUser
FNDA:1,Object.<anonymous>.exports.unfollowUser
FNDA:0,Object.<anonymous>.exports.getNearbyFriends
DA:1,1
DA:2,1
DA:3,1
DA:4,1
DA:5,1
DA:6,1
DA:7,1
DA:8,2
DA:9,2
DA:10,1
DA:11,1
DA:12,1
DA:13,1
DA:14,1
DA:15,1
DA:16,1
DA:17,1
DA:18,1
DA:19,1
DA:20,1
DA:21,2
DA:22,2
DA:23,2
DA:24,2
DA:25,2
DA:26,2
DA:27,2
DA:28,0
DA:29,0
DA:30,0
DA:31,0
DA:32,2
DA:33,2
DA:34,2
DA:35,2
DA:36,0
DA:37,0
DA:38,0
DA:39,2
DA:40,2
DA:41,2
DA:42,2
DA:43,2
DA:44,2
DA:45,2
DA:46,2
DA:47,0
DA:48,0
DA:49,0
DA:50,0
DA:51,2
DA:52,0
DA:53,0
DA:54,0
DA:55,2
DA:56,2
DA:57,1
DA:58,1
DA:59,1
DA:60,1
DA:61,1
DA:62,1
DA:63,1
DA:64,1
DA:65,1
DA:66,1
DA:67,0
DA:68,0
DA:69,0
DA:70,0
DA:71,1
DA:72,1
DA:73,1
DA:74,1
DA:75,1
DA:76,1
DA:77,1
DA:78,1
DA:79,1
DA:80,1
DA:81,1
DA:82,1
DA:83,1
DA:84,1
DA:85,1
DA:86,1
DA:87,1
DA:88,0
DA:89,0
DA:90,0
DA:91,0
DA:92,1
DA:93,0
DA:94,0
DA:95,0
DA:96,1
DA:97,1
DA:98,1
DA:99,1
DA:100,1
DA:101,0
DA:102,0
DA:103,0
DA:104,0
DA:105,0
DA:106,0
DA:107,0
DA:108,0
DA:109,0
DA:110,0
DA:111,0
DA:112,0
DA:113,0
DA:114,0
DA:115,0
DA:116,0
DA:117,0
DA:118,0
DA:119,0
DA:120,0
DA:121,0
DA:122,0
DA:123,0
DA:124,0
DA:125,0
DA:126,0
DA:127,0
DA:128,0
DA:129,0
DA:130,0
DA:131,0
LF:131
LH:75
BRDA:3,0,0,1
BRDA:7,1,0,2
BRDA:11,2,0,1
BRDA:15,3,0,1
BRDA:20,4,0,2
BRDA:21,5,0,2
BRDA:27,6,0,0
BRDA:35,7,0,0
BRDA:46,8,0,0
BRDA:51,9,0,0
BRDA:59,10,0,1
BRDA:60,11,0,1
BRDA:66,12,0,0
BRDA:87,13,0,0
BRDA:92,14,0,0
BRDA:75,15,0,1
BRDA:78,16,0,1
BRDA:83,17,0,1
BRDA:100,18,0,0
BRF:19
BRH:11
end_of_record
